[31mvoid DBusMenuImporter::slotGetLayoutFinished(QDBusPendingCallWatcher*)[0m: "No existe tal interfaz «com.canonical.dbusmenu» en ruta de objeto /org/ayatana/bamf/window/54525971"
[31mvoid DBusMenuImporter::slotGetLayoutFinished(QDBusPendingCallWatcher*)[0m: "No existe tal interfaz «com.canonical.dbusmenu» en ruta de objeto /org/ayatana/bamf/window/37748767"
[31mvoid DBusMenuImporter::slotGetLayoutFinished(QDBusPendingCallWatcher*)[0m: "No existe tal interfaz «com.canonical.dbusmenu» en ruta de objeto /org/ayatana/bamf/window/54525962"
[31mvoid DBusMenuImporter::slotGetLayoutFinished(QDBusPendingCallWatcher*)[0m: "No existe tal interfaz «com.canonical.dbusmenu» en ruta de objeto /org/ayatana/bamf/window/37748767"
[31mvoid DBusMenuImporter::slotGetLayoutFinished(QDBusPendingCallWatcher*)[0m: "No existe tal interfaz «com.canonical.dbusmenu» en ruta de objeto /org/ayatana/bamf/window/37748818"
QCoreApplication::postEvent: Unexpected null receiver
[31mvoid DBusMenuImporter::slotAboutToShowDBusCallFinished(QDBusPendingCallWatcher*)[0m: Call to AboutToShow() failed: "The ID supplied 121 does not refer to a menu item we have"
[31mbool DBusMenuImporterPrivate::waitForWatcher(QDBusPendingCallWatcher*, int)[0m: "The ID supplied 121 does not refer to a menu item we have"
[31mvoid DBusMenuImporter::slotMenuAboutToShow()[0m: Application did not answer to AboutToShow() before timeout
[31mvoid DBusMenuImporter::slotGetLayoutFinished(QDBusPendingCallWatcher*)[0m: "No existe tal interfaz «com.canonical.dbusmenu» en ruta de objeto /org/ayatana/bamf/window/37748864"
[31mvoid DBusMenuImporter::slotAboutToShowDBusCallFinished(QDBusPendingCallWatcher*)[0m: Call to AboutToShow() failed: "No existe tal interfaz «com.canonical.dbusmenu» en ruta de objeto /org/ayatana/bamf/window/37748864"
[31mbool DBusMenuImporterPrivate::waitForWatcher(QDBusPendingCallWatcher*, int)[0m: "No existe tal interfaz «com.canonical.dbusmenu» en ruta de objeto /org/ayatana/bamf/window/37748864"
[31mvoid DBusMenuImporter::slotMenuAboutToShow()[0m: Application did not answer to AboutToShow() before timeout
[31mvoid DBusMenuImporter::slotAboutToShowDBusCallFinished(QDBusPendingCallWatcher*)[0m: Call to AboutToShow() failed: "The ID supplied 172 does not refer to a menu item we have"
[31mbool DBusMenuImporterPrivate::waitForWatcher(QDBusPendingCallWatcher*, int)[0m: "The ID supplied 172 does not refer to a menu item we have"
[31mvoid DBusMenuImporter::slotMenuAboutToShow()[0m: Application did not answer to AboutToShow() before timeout
[31mvoid DBusMenuImporter::slotAboutToShowDBusCallFinished(QDBusPendingCallWatcher*)[0m: Call to AboutToShow() failed: "The ID supplied 155 does not refer to a menu item we have"
[31mbool DBusMenuImporterPrivate::waitForWatcher(QDBusPendingCallWatcher*, int)[0m: "The ID supplied 155 does not refer to a menu item we have"
[31mvoid DBusMenuImporter::slotMenuAboutToShow()[0m: Application did not answer to AboutToShow() before timeout
[31mvoid DBusMenuImporter::slotGetLayoutFinished(QDBusPendingCallWatcher*)[0m: "No existe tal interfaz «com.canonical.dbusmenu» en ruta de objeto /org/ayatana/bamf/window/37748905"
[31mvoid DBusMenuImporter::slotAboutToShowDBusCallFinished(QDBusPendingCallWatcher*)[0m: Call to AboutToShow() failed: "The ID supplied 138 does not refer to a menu item we have"
[31mbool DBusMenuImporterPrivate::waitForWatcher(QDBusPendingCallWatcher*, int)[0m: "The ID supplied 138 does not refer to a menu item we have"
[31mvoid DBusMenuImporter::slotMenuAboutToShow()[0m: Application did not answer to AboutToShow() before timeout
[31mvoid DBusMenuImporter::slotAboutToShowDBusCallFinished(QDBusPendingCallWatcher*)[0m: Call to AboutToShow() failed: "The ID supplied 206 does not refer to a menu item we have"
[31mbool DBusMenuImporterPrivate::waitForWatcher(QDBusPendingCallWatcher*, int)[0m: "The ID supplied 206 does not refer to a menu item we have"
[31mvoid DBusMenuImporter::slotMenuAboutToShow()[0m: Application did not answer to AboutToShow() before timeout
[31mvoid DBusMenuImporter::slotGetLayoutFinished(QDBusPendingCallWatcher*)[0m: "No existe tal interfaz «com.canonical.dbusmenu» en ruta de objeto /org/ayatana/bamf/window/35652104"
[31mvoid DBusMenuImporter::slotAboutToShowDBusCallFinished(QDBusPendingCallWatcher*)[0m: Call to AboutToShow() failed: "The ID supplied 223 does not refer to a menu item we have"
[31mbool DBusMenuImporterPrivate::waitForWatcher(QDBusPendingCallWatcher*, int)[0m: "The ID supplied 223 does not refer to a menu item we have"
[31mvoid DBusMenuImporter::slotMenuAboutToShow()[0m: Application did not answer to AboutToShow() before timeout
[31mvoid DBusMenuImporter::slotAboutToShowDBusCallFinished(QDBusPendingCallWatcher*)[0m: Call to AboutToShow() failed: "No existe tal interfaz «com.canonical.dbusmenu» en ruta de objeto /org/ayatana/bamf/window/54525962"
[31mbool DBusMenuImporterPrivate::waitForWatcher(QDBusPendingCallWatcher*, int)[0m: "No existe tal interfaz «com.canonical.dbusmenu» en ruta de objeto /org/ayatana/bamf/window/54525962"
[31mvoid DBusMenuImporter::slotMenuAboutToShow()[0m: Application did not answer to AboutToShow() before timeout
[31mvoid DBusMenuImporter::slotAboutToShowDBusCallFinished(QDBusPendingCallWatcher*)[0m: Call to AboutToShow() failed: "No existe tal interfaz «com.canonical.dbusmenu» en ruta de objeto /org/ayatana/bamf/window/54525962"
[31mbool DBusMenuImporterPrivate::waitForWatcher(QDBusPendingCallWatcher*, int)[0m: "No existe tal interfaz «com.canonical.dbusmenu» en ruta de objeto /org/ayatana/bamf/window/54525962"
[31mvoid DBusMenuImporter::slotMenuAboutToShow()[0m: Application did not answer to AboutToShow() before timeout
[31mvoid DBusMenuImporter::slotAboutToShowDBusCallFinished(QDBusPendingCallWatcher*)[0m: Call to AboutToShow() failed: "The ID supplied 274 does not refer to a menu item we have"
[31mbool DBusMenuImporterPrivate::waitForWatcher(QDBusPendingCallWatcher*, int)[0m: "The ID supplied 274 does not refer to a menu item we have"
[31mvoid DBusMenuImporter::slotMenuAboutToShow()[0m: Application did not answer to AboutToShow() before timeout
[31mvoid DBusMenuImporter::slotAboutToShowDBusCallFinished(QDBusPendingCallWatcher*)[0m: Call to AboutToShow() failed: "The ID supplied 325 does not refer to a menu item we have"
[31mbool DBusMenuImporterPrivate::waitForWatcher(QDBusPendingCallWatcher*, int)[0m: "The ID supplied 325 does not refer to a menu item we have"
[31mvoid DBusMenuImporter::slotMenuAboutToShow()[0m: Application did not answer to AboutToShow() before timeout
[31mvoid DBusMenuImporter::slotAboutToShowDBusCallFinished(QDBusPendingCallWatcher*)[0m: Call to AboutToShow() failed: "No existe tal interfaz «com.canonical.dbusmenu» en ruta de objeto /org/ayatana/bamf/window/35651594"
[31mbool DBusMenuImporterPrivate::waitForWatcher(QDBusPendingCallWatcher*, int)[0m: "No existe tal interfaz «com.canonical.dbusmenu» en ruta de objeto /org/ayatana/bamf/window/35651594"
[31mvoid DBusMenuImporter::slotMenuAboutToShow()[0m: Application did not answer to AboutToShow() before timeout
[31mvoid DBusMenuImporter::slotAboutToShowDBusCallFinished(QDBusPendingCallWatcher*)[0m: Call to AboutToShow() failed: "No existe tal interfaz «com.canonical.dbusmenu» en ruta de objeto /org/ayatana/bamf/window/35651594"
[31mbool DBusMenuImporterPrivate::waitForWatcher(QDBusPendingCallWatcher*, int)[0m: "No existe tal interfaz «com.canonical.dbusmenu» en ruta de objeto /org/ayatana/bamf/window/35651594"
[31mvoid DBusMenuImporter::slotMenuAboutToShow()[0m: Application did not answer to AboutToShow() before timeout
[31mvoid DBusMenuImporter::slotAboutToShowDBusCallFinished(QDBusPendingCallWatcher*)[0m: Call to AboutToShow() failed: "The ID supplied 359 does not refer to a menu item we have"
[31mbool DBusMenuImporterPrivate::waitForWatcher(QDBusPendingCallWatcher*, int)[0m: "The ID supplied 359 does not refer to a menu item we have"
[31mvoid DBusMenuImporter::slotMenuAboutToShow()[0m: Application did not answer to AboutToShow() before timeout
[31mvoid DBusMenuImporter::slotAboutToShowDBusCallFinished(QDBusPendingCallWatcher*)[0m: Call to AboutToShow() failed: "The ID supplied 342 does not refer to a menu item we have"
[31mbool DBusMenuImporterPrivate::waitForWatcher(QDBusPendingCallWatcher*, int)[0m: "The ID supplied 342 does not refer to a menu item we have"
[31mvoid DBusMenuImporter::slotMenuAboutToShow()[0m: Application did not answer to AboutToShow() before timeout
[31mvoid DBusMenuImporter::slotGetLayoutFinished(QDBusPendingCallWatcher*)[0m: "No existe tal interfaz «com.canonical.dbusmenu» en ruta de objeto /org/ayatana/bamf/window/56623107"
[31mvoid DBusMenuImporter::slotGetLayoutFinished(QDBusPendingCallWatcher*)[0m: "No existe tal interfaz «com.canonical.dbusmenu» en ruta de objeto /org/ayatana/bamf/window/54533779"
[31mvoid DBusMenuImporter::slotGetLayoutFinished(QDBusPendingCallWatcher*)[0m: "No existe tal interfaz «com.canonical.dbusmenu» en ruta de objeto /org/ayatana/bamf/window/54533989"
[31mvoid DBusMenuImporter::slotGetLayoutFinished(QDBusPendingCallWatcher*)[0m: "No existe tal interfaz «com.canonical.dbusmenu» en ruta de objeto /org/ayatana/bamf/window/56623114"
[31mvoid DBusMenuImporter::slotGetLayoutFinished(QDBusPendingCallWatcher*)[0m: "No existe tal interfaz «com.canonical.dbusmenu» en ruta de objeto /org/ayatana/bamf/window/54525955"
[31mvoid DBusMenuImporter::slotGetLayoutFinished(QDBusPendingCallWatcher*)[0m: "No existe tal interfaz «com.canonical.dbusmenu» en ruta de objeto /org/ayatana/bamf/window/54526600"
[31mvoid DBusMenuImporter::slotGetLayoutFinished(QDBusPendingCallWatcher*)[0m: "No existe tal interfaz «com.canonical.dbusmenu» en ruta de objeto /org/ayatana/bamf/window/54525955"
[31mvoid DBusMenuImporter::slotGetLayoutFinished(QDBusPendingCallWatcher*)[0m: "No existe tal interfaz «com.canonical.dbusmenu» en ruta de objeto /org/ayatana/bamf/window/35653873"
[31mvoid DBusMenuImporter::slotGetLayoutFinished(QDBusPendingCallWatcher*)[0m: "No existe tal interfaz «com.canonical.dbusmenu» en ruta de objeto /org/ayatana/bamf/window/54526084"
[31mvoid DBusMenuImporter::slotGetLayoutFinished(QDBusPendingCallWatcher*)[0m: "No existe tal interfaz «com.canonical.dbusmenu» en ruta de objeto /org/ayatana/bamf/window/54526084"
[31mvoid DBusMenuImporter::slotGetLayoutFinished(QDBusPendingCallWatcher*)[0m: "No existe tal interfaz «com.canonical.dbusmenu» en ruta de objeto /org/ayatana/bamf/window/54526084"
[31mvoid DBusMenuImporter::slotGetLayoutFinished(QDBusPendingCallWatcher*)[0m: "No existe tal interfaz «com.canonical.dbusmenu» en ruta de objeto /org/ayatana/bamf/window/56623114"
[31mvoid DBusMenuImporter::slotGetLayoutFinished(QDBusPendingCallWatcher*)[0m: "No existe tal interfaz «com.canonical.dbusmenu» en ruta de objeto /org/ayatana/bamf/window/54525953"
QCoreApplication::postEvent: Unexpected null receiver
[31mvoid DBusMenuImporter::slotGetLayoutFinished(QDBusPendingCallWatcher*)[0m: "No existe tal interfaz «com.canonical.dbusmenu» en ruta de objeto /org/ayatana/bamf/window/60817508"
[31mvoid DBusMenuImporter::slotGetLayoutFinished(QDBusPendingCallWatcher*)[0m: "No existe tal interfaz «com.canonical.dbusmenu» en ruta de objeto /org/ayatana/bamf/window/35656077"
[31mvoid DBusMenuImporter::slotGetLayoutFinished(QDBusPendingCallWatcher*)[0m: "No existe tal interfaz «com.canonical.dbusmenu» en ruta de objeto /org/ayatana/bamf/window/65011844"
[31mvoid DBusMenuImporter::slotGetLayoutFinished(QDBusPendingCallWatcher*)[0m: "No existe tal interfaz «com.canonical.dbusmenu» en ruta de objeto /org/ayatana/bamf/window/35657071"
[31mvoid DBusMenuImporter::slotGetLayoutFinished(QDBusPendingCallWatcher*)[0m: "No existe tal interfaz «com.canonical.dbusmenu» en ruta de objeto /org/ayatana/bamf/window/65011844"
[31mvoid DBusMenuImporter::slotGetLayoutFinished(QDBusPendingCallWatcher*)[0m: "No existe tal interfaz «com.canonical.dbusmenu» en ruta de objeto /org/ayatana/bamf/window/65011844"
[31mvoid DBusMenuImporter::slotGetLayoutFinished(QDBusPendingCallWatcher*)[0m: "No existe tal interfaz «com.canonical.dbusmenu» en ruta de objeto /org/ayatana/bamf/window/65011844"
[31mvoid DBusMenuImporter::slotGetLayoutFinished(QDBusPendingCallWatcher*)[0m: "No existe tal interfaz «com.canonical.dbusmenu» en ruta de objeto /org/ayatana/bamf/window/65011844"
[31mvoid DBusMenuImporter::slotGetLayoutFinished(QDBusPendingCallWatcher*)[0m: "No existe tal interfaz «com.canonical.dbusmenu» en ruta de objeto /org/ayatana/bamf/window/65011844"
[31mvoid DBusMenuImporter::slotGetLayoutFinished(QDBusPendingCallWatcher*)[0m: "No existe tal interfaz «com.canonical.dbusmenu» en ruta de objeto /org/ayatana/bamf/window/37748767"
[31mvoid DBusMenuImporter::slotGetLayoutFinished(QDBusPendingCallWatcher*)[0m: "No existe tal interfaz «com.canonical.dbusmenu» en ruta de objeto /org/ayatana/bamf/window/65014208"
[31mvoid DBusMenuImporter::slotGetLayoutFinished(QDBusPendingCallWatcher*)[0m: "No existe tal interfaz «com.canonical.dbusmenu» en ruta de objeto /org/ayatana/bamf/window/35665587"
[31mvoid DBusMenuImporter::slotGetLayoutFinished(QDBusPendingCallWatcher*)[0m: "No existe tal interfaz «com.canonical.dbusmenu» en ruta de objeto /org/ayatana/bamf/window/65011844"
[31mvoid DBusMenuImporter::slotGetLayoutFinished(QDBusPendingCallWatcher*)[0m: "No existe tal interfaz «com.canonical.dbusmenu» en ruta de objeto /org/ayatana/bamf/window/60817540"
[31mvoid DBusMenuImporter::slotGetLayoutFinished(QDBusPendingCallWatcher*)[0m: "No existe tal interfaz «com.canonical.dbusmenu» en ruta de objeto /org/ayatana/bamf/window/60817540"
[31mvoid DBusMenuImporter::slotGetLayoutFinished(QDBusPendingCallWatcher*)[0m: "No existe tal interfaz «com.canonical.dbusmenu» en ruta de objeto /org/ayatana/bamf/window/56629158"
[31mvoid DBusMenuImporter::slotGetLayoutFinished(QDBusPendingCallWatcher*)[0m: "No existe tal interfaz «com.canonical.dbusmenu» en ruta de objeto /org/ayatana/bamf/window/60818731"
[31mvoid DBusMenuImporter::slotGetLayoutFinished(QDBusPendingCallWatcher*)[0m: "No existe tal interfaz «com.canonical.dbusmenu» en ruta de objeto /org/ayatana/bamf/window/35669458"
[31mvoid DBusMenuImporter::slotGetLayoutFinished(QDBusPendingCallWatcher*)[0m: "No existe tal interfaz «com.canonical.dbusmenu» en ruta de objeto /org/ayatana/bamf/window/60817540"
[31mvoid DBusMenuImporter::slotGetLayoutFinished(QDBusPendingCallWatcher*)[0m: "No existe tal interfaz «com.canonical.dbusmenu» en ruta de objeto /org/ayatana/bamf/window/60819135"
[31mvoid DBusMenuImporter::slotGetLayoutFinished(QDBusPendingCallWatcher*)[0m: "No existe tal interfaz «com.canonical.dbusmenu» en ruta de objeto /org/ayatana/bamf/window/60831493"
[31mvoid DBusMenuImporter::slotGetLayoutFinished(QDBusPendingCallWatcher*)[0m: "No existe tal interfaz «com.canonical.dbusmenu» en ruta de objeto /org/ayatana/bamf/window/60839147"
[31mvoid DBusMenuImporter::slotGetLayoutFinished(QDBusPendingCallWatcher*)[0m: "No existe tal interfaz «com.canonical.dbusmenu» en ruta de objeto /org/ayatana/bamf/window/60840071"
[31mvoid DBusMenuImporter::slotGetLayoutFinished(QDBusPendingCallWatcher*)[0m: "No existe tal interfaz «com.canonical.dbusmenu» en ruta de objeto /org/ayatana/bamf/window/60841014"
[31mvoid DBusMenuImporter::slotGetLayoutFinished(QDBusPendingCallWatcher*)[0m: "No existe tal interfaz «com.canonical.dbusmenu» en ruta de objeto /org/ayatana/bamf/window/60843017"
[31mvoid DBusMenuImporter::slotGetLayoutFinished(QDBusPendingCallWatcher*)[0m: "No existe tal interfaz «com.canonical.dbusmenu» en ruta de objeto /org/ayatana/bamf/window/60817540"
[31mvoid DBusMenuImporter::slotGetLayoutFinished(QDBusPendingCallWatcher*)[0m: "No existe tal interfaz «com.canonical.dbusmenu» en ruta de objeto /org/ayatana/bamf/window/60818258"
[31mvoid DBusMenuImporter::slotGetLayoutFinished(QDBusPendingCallWatcher*)[0m: "No existe tal interfaz «com.canonical.dbusmenu» en ruta de objeto /org/ayatana/bamf/window/60818422"
[31mvoid DBusMenuImporter::slotGetLayoutFinished(QDBusPendingCallWatcher*)[0m: "No existe tal interfaz «com.canonical.dbusmenu» en ruta de objeto /org/ayatana/bamf/window/60819068"
[31mvoid DBusMenuImporter::slotGetLayoutFinished(QDBusPendingCallWatcher*)[0m: "No existe tal interfaz «com.canonical.dbusmenu» en ruta de objeto /org/ayatana/bamf/window/60819443"
[31mvoid DBusMenuImporter::slotGetLayoutFinished(QDBusPendingCallWatcher*)[0m: "No existe tal interfaz «com.canonical.dbusmenu» en ruta de objeto /org/ayatana/bamf/window/60817540"
[31mvoid DBusMenuImporter::slotGetLayoutFinished(QDBusPendingCallWatcher*)[0m: "No existe tal interfaz «com.canonical.dbusmenu» en ruta de objeto /org/ayatana/bamf/window/60817540"
[31mvoid DBusMenuImporter::slotGetLayoutFinished(QDBusPendingCallWatcher*)[0m: "No existe tal interfaz «com.canonical.dbusmenu» en ruta de objeto /org/ayatana/bamf/window/60817540"
[31mvoid DBusMenuImporter::slotGetLayoutFinished(QDBusPendingCallWatcher*)[0m: "No existe tal interfaz «com.canonical.dbusmenu» en ruta de objeto /org/ayatana/bamf/window/60817540"
[31mvoid DBusMenuImporter::slotGetLayoutFinished(QDBusPendingCallWatcher*)[0m: "No existe tal interfaz «com.canonical.dbusmenu» en ruta de objeto /org/ayatana/bamf/window/60817540"
[31mvoid DBusMenuImporter::slotGetLayoutFinished(QDBusPendingCallWatcher*)[0m: "No existe tal interfaz «com.canonical.dbusmenu» en ruta de objeto /org/ayatana/bamf/window/60817540"
[31mvoid DBusMenuImporter::slotGetLayoutFinished(QDBusPendingCallWatcher*)[0m: "No existe tal interfaz «com.canonical.dbusmenu» en ruta de objeto /org/ayatana/bamf/window/60817540"
[31mvoid DBusMenuImporter::slotGetLayoutFinished(QDBusPendingCallWatcher*)[0m: "No existe tal interfaz «com.canonical.dbusmenu» en ruta de objeto /org/ayatana/bamf/window/60817540"
[31mvoid DBusMenuImporter::slotGetLayoutFinished(QDBusPendingCallWatcher*)[0m: "No existe tal interfaz «com.canonical.dbusmenu» en ruta de objeto /org/ayatana/bamf/window/60817540"
[31mvoid DBusMenuImporter::slotGetLayoutFinished(QDBusPendingCallWatcher*)[0m: "No existe tal interfaz «com.canonical.dbusmenu» en ruta de objeto /org/ayatana/bamf/window/60818090"
[31mvoid DBusMenuImporter::slotGetLayoutFinished(QDBusPendingCallWatcher*)[0m: "No existe tal interfaz «com.canonical.dbusmenu» en ruta de objeto /org/ayatana/bamf/window/60824018"
[31mvoid DBusMenuImporter::slotGetLayoutFinished(QDBusPendingCallWatcher*)[0m: "No existe tal interfaz «com.canonical.dbusmenu» en ruta de objeto /org/ayatana/bamf/window/60824125"
[31mvoid DBusMenuImporter::slotGetLayoutFinished(QDBusPendingCallWatcher*)[0m: "No existe tal interfaz «com.canonical.dbusmenu» en ruta de objeto /org/ayatana/bamf/window/60817540"
[31mvoid DBusMenuImporter::slotGetLayoutFinished(QDBusPendingCallWatcher*)[0m: "No existe tal interfaz «com.canonical.dbusmenu» en ruta de objeto /org/ayatana/bamf/window/60817540"
[31mvoid DBusMenuImporter::slotGetLayoutFinished(QDBusPendingCallWatcher*)[0m: "No existe tal interfaz «com.canonical.dbusmenu» en ruta de objeto /org/ayatana/bamf/window/60817890"
[31mvoid DBusMenuImporter::slotGetLayoutFinished(QDBusPendingCallWatcher*)[0m: "No existe tal interfaz «com.canonical.dbusmenu» en ruta de objeto /org/ayatana/bamf/window/60817540"
[31mvoid DBusMenuImporter::slotGetLayoutFinished(QDBusPendingCallWatcher*)[0m: "No existe tal interfaz «com.canonical.dbusmenu» en ruta de objeto /org/ayatana/bamf/window/37748940"
[31mvoid DBusMenuImporter::slotGetLayoutFinished(QDBusPendingCallWatcher*)[0m: "No existe tal interfaz «com.canonical.dbusmenu» en ruta de objeto /org/ayatana/bamf/window/60817540"
[31mvoid DBusMenuImporter::slotGetLayoutFinished(QDBusPendingCallWatcher*)[0m: "No existe tal interfaz «com.canonical.dbusmenu» en ruta de objeto /org/ayatana/bamf/window/60817540"
[31mvoid DBusMenuImporter::slotGetLayoutFinished(QDBusPendingCallWatcher*)[0m: "No existe tal interfaz «com.canonical.dbusmenu» en ruta de objeto /org/ayatana/bamf/window/60817540"
[31mvoid DBusMenuImporter::slotGetLayoutFinished(QDBusPendingCallWatcher*)[0m: "No existe tal interfaz «com.canonical.dbusmenu» en ruta de objeto /org/ayatana/bamf/window/60817540"
[31mvoid DBusMenuImporter::slotGetLayoutFinished(QDBusPendingCallWatcher*)[0m: "No existe tal interfaz «com.canonical.dbusmenu» en ruta de objeto /org/ayatana/bamf/window/35706485"
[31mvoid DBusMenuImporter::slotGetLayoutFinished(QDBusPendingCallWatcher*)[0m: "No existe tal interfaz «com.canonical.dbusmenu» en ruta de objeto /org/ayatana/bamf/window/60817540"
[31mvoid DBusMenuImporter::slotGetLayoutFinished(QDBusPendingCallWatcher*)[0m: "No existe tal interfaz «com.canonical.dbusmenu» en ruta de objeto /org/ayatana/bamf/window/60819657"
[31mvoid DBusMenuImporter::slotGetLayoutFinished(QDBusPendingCallWatcher*)[0m: "No existe tal interfaz «com.canonical.dbusmenu» en ruta de objeto /org/ayatana/bamf/window/60819736"
[31mvoid DBusMenuImporter::slotGetLayoutFinished(QDBusPendingCallWatcher*)[0m: "No existe tal interfaz «com.canonical.dbusmenu» en ruta de objeto /org/ayatana/bamf/window/60820832"
[31mvoid DBusMenuImporter::slotGetLayoutFinished(QDBusPendingCallWatcher*)[0m: "No existe tal interfaz «com.canonical.dbusmenu» en ruta de objeto /org/ayatana/bamf/window/35711362"
[31mvoid DBusMenuImporter::slotGetLayoutFinished(QDBusPendingCallWatcher*)[0m: "No existe tal interfaz «com.canonical.dbusmenu» en ruta de objeto /org/ayatana/bamf/window/60817540"
[31mvoid DBusMenuImporter::slotGetLayoutFinished(QDBusPendingCallWatcher*)[0m: "No existe tal interfaz «com.canonical.dbusmenu» en ruta de objeto /org/ayatana/bamf/window/60821175"
[31mvoid DBusMenuImporter::slotGetLayoutFinished(QDBusPendingCallWatcher*)[0m: "No existe tal interfaz «com.canonical.dbusmenu» en ruta de objeto /org/ayatana/bamf/window/60822644"
[31mvoid DBusMenuImporter::slotGetLayoutFinished(QDBusPendingCallWatcher*)[0m: "No existe tal interfaz «com.canonical.dbusmenu» en ruta de objeto /org/ayatana/bamf/window/60827629"
[31mvoid DBusMenuImporter::slotGetLayoutFinished(QDBusPendingCallWatcher*)[0m: "No existe tal interfaz «com.canonical.dbusmenu» en ruta de objeto /org/ayatana/bamf/window/35721675"
[31mvoid DBusMenuImporter::slotGetLayoutFinished(QDBusPendingCallWatcher*)[0m: "No existe tal interfaz «com.canonical.dbusmenu» en ruta de objeto /org/ayatana/bamf/window/35723888"
[31mvoid DBusMenuImporter::slotGetLayoutFinished(QDBusPendingCallWatcher*)[0m: "No existe tal interfaz «com.canonical.dbusmenu» en ruta de objeto /org/ayatana/bamf/window/60834406"
[31mvoid DBusMenuImporter::slotGetLayoutFinished(QDBusPendingCallWatcher*)[0m: "No existe tal interfaz «com.canonical.dbusmenu» en ruta de objeto /org/ayatana/bamf/window/35726672"
[31mvoid DBusMenuImporter::slotGetLayoutFinished(QDBusPendingCallWatcher*)[0m: "No existe tal interfaz «com.canonical.dbusmenu» en ruta de objeto /org/ayatana/bamf/window/60817540"
[31mvoid DBusMenuImporter::slotGetLayoutFinished(QDBusPendingCallWatcher*)[0m: "No existe tal interfaz «com.canonical.dbusmenu» en ruta de objeto /org/ayatana/bamf/window/60817540"
[31mvoid DBusMenuImporter::slotGetLayoutFinished(QDBusPendingCallWatcher*)[0m: "No existe tal interfaz «com.canonical.dbusmenu» en ruta de objeto /org/ayatana/bamf/window/60817540"
[31mvoid DBusMenuImporter::slotGetLayoutFinished(QDBusPendingCallWatcher*)[0m: "No existe tal interfaz «com.canonical.dbusmenu» en ruta de objeto /org/ayatana/bamf/window/62914579"
[31mvoid DBusMenuImporter::slotGetLayoutFinished(QDBusPendingCallWatcher*)[0m: "No existe tal interfaz «com.canonical.dbusmenu» en ruta de objeto /org/ayatana/bamf/window/62914579"
QCoreApplication::postEvent: Unexpected null receiver
[31mvoid DBusMenuImporter::slotGetLayoutFinished(QDBusPendingCallWatcher*)[0m: "No existe tal interfaz «com.canonical.dbusmenu» en ruta de objeto /org/ayatana/bamf/window/62914579"
QCoreApplication::postEvent: Unexpected null receiver
[31mvoid DBusMenuImporter::slotGetLayoutFinished(QDBusPendingCallWatcher*)[0m: "No existe tal interfaz «com.canonical.dbusmenu» en ruta de objeto /org/ayatana/bamf/window/62914579"
QCoreApplication::postEvent: Unexpected null receiver
[31mvoid DBusMenuImporter::slotGetLayoutFinished(QDBusPendingCallWatcher*)[0m: "No existe tal interfaz «com.canonical.dbusmenu» en ruta de objeto /org/ayatana/bamf/window/60817540"
