OpenGL vendor string:   VMware, Inc.
OpenGL renderer string: Gallium 0.4 on llvmpipe (LLVM 3.8, 128 bits)
OpenGL version string:  3.0 Mesa 11.2.0

Not software rendered:    [31;01mno[00m
Not blacklisted:          [32;01myes[00m
GLX fbconfig:             [32;01myes[00m
GLX texture from pixmap:  [32;01myes[00m
GL npot or rect textures: [32;01myes[00m
GL vertex program:        [32;01myes[00m
GL fragment program:      [32;01myes[00m
GL vertex buffer object:  [32;01myes[00m
GL framebuffer object:    [32;01myes[00m
GL version is 1.4+:       [32;01myes[00m

Unity 3D supported:       [31;01mno[00m
Using compiz profile 'ubuntu-lowgfx'
compiz (core) - Info: Loading plugin: core
compiz (core) - Info: Starting plugin: core
compiz (core) - Info: Loading plugin: ccp
compiz (core) - Info: Starting plugin: ccp
compizconfig - Info: Backend     : gsettings
compizconfig - Info: Integration : true
compizconfig - Info: Profile     : unity-lowgfx
compiz (core) - Info: Loading plugin: composite
compiz (core) - Info: Starting plugin: composite
compiz (core) - Info: Loading plugin: opengl
compiz (core) - Info: Starting plugin: opengl
compiz (core) - Info: Loading plugin: copytex
compiz (core) - Info: Starting plugin: copytex
compiz (core) - Info: Loading plugin: regex
compiz (core) - Info: Starting plugin: regex
compiz (core) - Info: Loading plugin: place
compiz (core) - Info: Starting plugin: place
compiz (core) - Info: Loading plugin: imgpng
compiz (core) - Info: Starting plugin: imgpng
compiz (core) - Info: Loading plugin: move
compiz (core) - Info: Starting plugin: move
compiz (core) - Info: Loading plugin: compiztoolbox
compiz (core) - Info: Starting plugin: compiztoolbox
compiz (core) - Info: Loading plugin: grid
compiz (core) - Info: Starting plugin: grid
compiz (core) - Info: Loading plugin: session
compiz (core) - Info: Starting plugin: session
compiz (core) - Info: Loading plugin: workarounds
compiz (core) - Info: Starting plugin: workarounds
compiz (core) - Info: Loading plugin: resize
compiz (core) - Info: Starting plugin: resize
compiz (core) - Info: Loading plugin: vpswitch
compiz (core) - Info: Starting plugin: vpswitch
compiz (core) - Info: Loading plugin: mousepoll
compiz (core) - Info: Starting plugin: mousepoll
compiz (core) - Info: Loading plugin: wall
compiz (core) - Info: Starting plugin: wall
compiz (core) - Info: Loading plugin: snap
compiz (core) - Info: Starting plugin: snap
compiz (core) - Info: Loading plugin: expo
compiz (core) - Info: Starting plugin: expo
compiz (core) - Info: Loading plugin: unitymtgrabhandles
compiz (core) - Info: Starting plugin: unitymtgrabhandles
compiz (core) - Info: Loading plugin: fade
compiz (core) - Info: Starting plugin: fade
compiz (core) - Info: Loading plugin: ezoom
compiz (core) - Info: Starting plugin: ezoom
compiz (core) - Info: Loading plugin: scale
compiz (core) - Info: Starting plugin: scale
compiz (core) - Info: Loading plugin: unityshell
compiz (core) - Info: Starting plugin: unityshell
WARN  2017-02-10 21:41:00 unity.glib.dbus.server GLibDBusServer.cpp:593 Can't register object 'org.gnome.Shell' yet as we don't have a connection, waiting for it...
WARN  2017-02-10 21:41:01 unity.debug.interface DebugDBusInterface.cpp:217 Unable to load entry point in libxpathselect: libxpathselect.so.1.4: no se puede abrir el archivo del objeto compartido: No existe el archivo o el directorio -- full D-Bus introspection will not be available
WARN  2017-02-10 21:41:01 xim.controller XIMController.cpp:103 IBus natively supported.
WARN  2017-02-10 21:41:02 unity.dash.gsettingsscopereader GSettingsScopes.cpp:108 Error fetching protocol metadata for scope: social.scope : No se pudo encontrar la clave de archivo válida en los directorios de búsqueda
WARN  2017-02-10 21:41:03 unity.glib.dbus.server GLibDBusServer.cpp:593 Can't register object 'com.canonical.Unity.Launcher' yet as we don't have a connection, waiting for it...
WARN  2017-02-10 21:41:04 unity.glib.dbus.server GLibDBusServer.cpp:593 Can't register object 'com.canonical.Unity.Dash' yet as we don't have a connection, waiting for it...
WARN  2017-02-10 21:41:04 unity.glib.dbus.server GLibDBusServer.cpp:593 Can't register object 'org.gnome.SessionManager.EndSessionDialog' yet as we don't have a connection, waiting for it...
WARN  2017-02-10 21:41:04 unity.glib.dbus.server GLibDBusServer.cpp:593 Can't register object 'com.canonical.Unity.Session' yet as we don't have a connection, waiting for it...
WARN  2017-02-10 21:41:04 unity.glib.dbus.server GLibDBusServer.cpp:593 Can't register object 'org.gnome.ScreenSaver' yet as we don't have a connection, waiting for it...
ERROR 2017-02-10 21:41:11 unity.glib.dbus.server GLibDBusServer.cpp:538 DBus name lost 'org.gnome.Shell'
ERROR 2017-02-10 21:41:11 unity.glib.dbus.server GLibDBusServer.cpp:538 DBus name lost 'com.canonical.Unity'
WARN  2017-02-10 21:41:12 unity.key.gnome.grabber GnomeKeyGrabber.cpp:108 Trying to grab a disabled action, we skip it
WARN  2017-02-10 21:41:12 unity.key.gnome.grabber GnomeKeyGrabber.cpp:108 Trying to grab a disabled action, we skip it
WARN  2017-02-10 21:41:12 unity.key.gnome.grabber GnomeKeyGrabber.cpp:108 Trying to grab a disabled action, we skip it
WARN  2017-02-10 21:41:12 unity.key.gnome.grabber GnomeKeyGrabber.cpp:108 Trying to grab a disabled action, we skip it
WARN  2017-02-10 21:41:12 unity.key.gnome.grabber GnomeKeyGrabber.cpp:108 Trying to grab a disabled action, we skip it
WARN  2017-02-10 21:41:12 unity.key.gnome.grabber GnomeKeyGrabber.cpp:108 Trying to grab a disabled action, we skip it
WARN  2017-02-10 21:41:12 unity.key.gnome.grabber GnomeKeyGrabber.cpp:108 Trying to grab a disabled action, we skip it
WARN  2017-02-10 21:41:12 unity.key.gnome.grabber GnomeKeyGrabber.cpp:108 Trying to grab a disabled action, we skip it
WARN  2017-02-10 21:41:12 unity.key.gnome.grabber GnomeKeyGrabber.cpp:108 Trying to grab a disabled action, we skip it
WARN  2017-02-10 21:41:12 unity.key.gnome.grabber GnomeKeyGrabber.cpp:108 Trying to grab a disabled action, we skip it
WARN  2017-02-10 21:52:36 unity.iconloader IconLoader.cpp:756 Unable to load icon file:/// at size -1x22: No se puede abrir el directorio
WARN  2017-02-10 21:52:36 unity.a11y.expanderview unity-expander-view-accessible.cpp:185 has_focus = 1
WARN  2017-02-10 21:52:36 unity.a11y.expanderview unity-expander-view-accessible.cpp:185 has_focus = 0

(process:3673): GLib-CRITICAL **: g_path_get_basename: assertion 'file_name != NULL' failed
1486792931075	addons.update-checker	WARN	Update manifest for e10srollout@mozilla.org did not contain an updates property
1486792931502	addons.update-checker	WARN	Update manifest for firefox@getpocket.com did not contain an updates property
1486792931927	addons.update-checker	WARN	Update manifest for {972ce4c6-7e08-4474-a285-3208198ce6fd} did not contain an updates property
1486792934264	addons.xpi	ERROR	Attempted to load bootstrap scope from missing directory /home/marro/.mozilla/firefox/0mf0taon.default/extensions/firefox-hotfix@mozilla.org.xpi
1486792934272	addons.xpi	WARN	Add-on firefox-hotfix@mozilla.org is missing bootstrap method shutdown
1486792934290	addons.manager	WARN	Exception calling callback: [Exception... "Component returned failure code: 0x80520006 (NS_ERROR_FILE_TARGET_DOES_NOT_EXIST) [nsIFile.isDirectory]"  nsresult: "0x80520006 (NS_ERROR_FILE_TARGET_DOES_NOT_EXIST)"  location: "JS frame :: resource://gre/modules/addons/XPIProvider.jsm :: getURIForResourceInFile :: line 1461"  data: no] Stack trace: getURIForResourceInFile()@resource://gre/modules/addons/XPIProvider.jsm:1461 < this.XPIProvider.callBootstrapMethod()@resource://gre/modules/addons/XPIProvider.jsm:4686 < this.XPIProvider.uninstallAddon()@resource://gre/modules/addons/XPIProvider.jsm:4964 < AddonWrapper.prototype.uninstall()@resource://gre/modules/addons/XPIProvider.jsm:7198 < uninstallHotfix/<()@resource://gre/modules/addons/XPIProvider.jsm -> jar:file:///home/marro/.mozilla/firefox/0mf0taon.default/extensions/firefox-hotfix@mozilla.org.xpi!/bootstrap.js:93 < safeCall()@resource://gre/modules/AddonManager.jsm:179 < makeSafe/<()@resource://gre/modules/AddonManager.jsm:195 < Handler.prototype.process()@resource://gre/modules/Promise.jsm -> resource://gre/modules/Promise-backend.js:937 < this.PromiseWalker.walkerLoop()@resource://gre/modules/Promise.jsm -> resource://gre/modules/Promise-backend.js:816 < this.PromiseWalker.scheduleWalkerLoop/<()@resource://gre/modules/Promise.jsm -> resource://gre/modules/Promise-backend.js:750

(firefox:3580): LIBDBUSMENU-GTK-CRITICAL **: dbusmenu_menuitem_property_set_shortcut: assertion 'gtk_accelerator_valid(key, modifier)' failed

(process:3785): GLib-CRITICAL **: g_path_get_basename: assertion 'file_name != NULL' failed

(process:4201): GLib-CRITICAL **: g_path_get_basename: assertion 'file_name != NULL' failed

(process:5625): GLib-CRITICAL **: g_path_get_basename: assertion 'file_name != NULL' failed
WARN  2017-02-11 10:56:27 unity.shell.compiz unityshell.cpp:3228 Animation plugin not found. Can't set minimize speed.
javaldx: Could not find a Java Runtime Environment!
Warning: failed to read path from javaldx

(soffice:6642): Gdk-WARNING **: gdk_window_set_icon_list: icons too large

(soffice:6655): Gdk-WARNING **: gdk_window_set_icon_list: icons too large

(soffice:6655): Gdk-WARNING **: gdk_window_set_icon_list: icons too large
WARN  2017-02-11 11:55:23 unity.shell.compiz unityshell.cpp:3228 Animation plugin not found. Can't set minimize speed.
WARN  2017-02-11 12:00:11 unity.shell.compiz unityshell.cpp:3228 Animation plugin not found. Can't set minimize speed.
1486844417704	addons.xpi	WARN	Add-on firefox-hotfix@mozilla.org is missing bootstrap method shutdown
1486844420978	addons.xpi	WARN	Exception running bootstrap method install on loop@mozilla.org: [Exception... "Component returned failure code: 0x8000ffff (NS_ERROR_UNEXPECTED) [nsIPrefBranch.getBoolPref]"  nsresult: "0x8000ffff (NS_ERROR_UNEXPECTED)"  location: "JS frame :: resource://gre/modules/addons/XPIProvider.jsm -> jar:file:///home/marro/.mozilla/firefox/0mf0taon.default/features/%7B7efd6061-e845-4a8a-839f-2ec1fffc36d9%7D/loop@mozilla.org.xpi!/bootstrap.js :: install :: line 21"  data: no] Stack trace: install()@resource://gre/modules/addons/XPIProvider.jsm -> jar:file:///home/marro/.mozilla/firefox/0mf0taon.default/features/%7B7efd6061-e845-4a8a-839f-2ec1fffc36d9%7D/loop@mozilla.org.xpi!/bootstrap.js:21 < this.XPIProvider.callBootstrapMethod()@resource://gre/modules/addons/XPIProvider.jsm:4675 < processFileChanges()@resource://gre/modules/addons/XPIProvider.jsm -> resource://gre/modules/addons/XPIProviderUtils.js:2129 < this.XPIProvider.checkForChanges()@resource://gre/modules/addons/XPIProvider.jsm:3620 < this.XPIProvider.startup()@resource://gre/modules/addons/XPIProvider.jsm:2622 < callProvider()@resource://gre/modules/AddonManager.jsm:227 < _startProvider()@resource://gre/modules/AddonManager.jsm:755 < AddonManagerInternal.startup()@resource://gre/modules/AddonManager.jsm:938 < this.AddonManagerPrivate.startup()@resource://gre/modules/AddonManager.jsm:2773 < amManager.prototype.observe()@resource://gre/components/addonManager.js:57

(nautilus:7937): GLib-GIO-CRITICAL **: g_dbus_interface_skeleton_unexport: assertion 'interface_->priv->connections != NULL' failed

(nautilus:7937): GLib-GIO-CRITICAL **: g_dbus_interface_skeleton_unexport: assertion 'interface_->priv->connections != NULL' failed

(nautilus:7937): Gtk-CRITICAL **: gtk_icon_theme_get_for_screen: assertion 'GDK_IS_SCREEN (screen)' failed

(nautilus:7937): GLib-GObject-WARNING **: invalid (NULL) pointer instance

(nautilus:7937): GLib-GObject-CRITICAL **: g_signal_connect_object: assertion 'G_TYPE_CHECK_INSTANCE (instance)' failed

(process:7983): GLib-CRITICAL **: g_path_get_basename: assertion 'file_name != NULL' failed
ERROR 2017-02-11 17:05:43 unity.settings UnitySettings.cpp:318 Invalid monitor index: -1. Returning index 0 monitor instead.

(nautilus:8318): GLib-GIO-CRITICAL **: g_dbus_interface_skeleton_unexport: assertion 'interface_->priv->connections != NULL' failed

(nautilus:8318): GLib-GIO-CRITICAL **: g_dbus_interface_skeleton_unexport: assertion 'interface_->priv->connections != NULL' failed

(nautilus:8318): Gtk-CRITICAL **: gtk_icon_theme_get_for_screen: assertion 'GDK_IS_SCREEN (screen)' failed

(nautilus:8318): GLib-GObject-WARNING **: invalid (NULL) pointer instance

(nautilus:8318): GLib-GObject-CRITICAL **: g_signal_connect_object: assertion 'G_TYPE_CHECK_INSTANCE (instance)' failed

(process:8566): GLib-CRITICAL **: g_path_get_basename: assertion 'file_name != NULL' failed
WARN  2017-02-11 18:27:53 unity.shell.compiz unityshell.cpp:3228 Animation plugin not found. Can't set minimize speed.
WARN  2017-02-11 18:38:59 unity.shell.compiz unityshell.cpp:3228 Animation plugin not found. Can't set minimize speed.
WARN  2017-02-11 19:03:23 unity.shell.compiz unityshell.cpp:3228 Animation plugin not found. Can't set minimize speed.
WARN  2017-02-11 23:41:07 unity.shell.compiz unityshell.cpp:3228 Animation plugin not found. Can't set minimize speed.
1486886130702	addons.update-checker	WARN	Update manifest for {972ce4c6-7e08-4474-a285-3208198ce6fd} did not contain an updates property
1486886130724	addons.update-checker	WARN	Update manifest for e10srollout@mozilla.org did not contain an updates property
1486886131065	addons.update-checker	WARN	Update manifest for firefox@getpocket.com did not contain an updates property
1486886131137	addons.update-checker	WARN	Update manifest for websensehelper@mozilla.org did not contain an updates property

(unity-control-center:10504): screen-cc-panel-WARNING **: Error getting brightness: GDBus.Error:org.gtk.GDBus.UnmappedGError.Quark._gsd_5fpower_5fmanager_5ferror.Code0: Screen backlight not available
